#
# A fatal error has been detected by the Java Runtime Environment:
#
#  EXCEPTION_STACK_OVERFLOW (0xc00000fd) at pc=0x0000000058215077, pid=25164, tid=0x0000000000006f20
#
# JRE version: Java(TM) SE Runtime Environment (8.0_241-b07) (build 1.8.0_241-b07)
# Java VM: Java HotSpot(TM) 64-Bit Server VM (25.241-b07 mixed mode windows-amd64 compressed oops)
# Problematic frame:
# V  [jvm.dll+0x215077]
#
# Failed to write core dump. Minidumps are not enabled by default on client versions of Windows
#
# If you would like to submit a bug report, please visit:
#   http://bugreport.java.com/bugreport/crash.jsp
#

---------------  T H R E A D  ---------------

Current thread (0x0000000023236800):  JavaThread "http-nio-8888-exec-11" daemon [_thread_in_vm, id=28448, stack(0x00000000275c0000,0x00000000276c0000)]

siginfo: ExceptionCode=0xc00000fd, ExceptionInformation=0x0000000000000001 0x00000000276bd5c0 

Registers:
RAX=0x00000000276bd5c0, RBX=0x0000000000000003, RCX=0x0000000000002000, RDX=0x0000000000000006
RSP=0x00000000276bf5c0, RBP=0x0000000000000000, RSI=0x00000000276bf5c0, RDI=0x0000000000000003
R8 =0x0000000000000006, R9 =0x000000001ec2c680, R10=0x000000001c0ce2f0, R11=0x00000000275ca148
R12=0x000000001ec2c680, R13=0x0000000023236800, R14=0x00000000276bf688, R15=0x000000001c0ce2f0
RIP=0x0000000058215077, EFLAGS=0x0000000000010206

Top of Stack: (sp=0x00000000276bf5c0)
0x00000000276bf5c0:   000054492b98d49c 00000007c0006c48
0x00000000276bf5d0:   0000000023236800 000000001ec2c680
0x00000000276bf5e0:   00000000ffffffff 0000000058215fa7
0x00000000276bf5f0:   00000000276bf6f0 000000001c0ce2f0
0x00000000276bf600:   0000000023236800 00000000580c10e3
0x00000000276bf610:   00000000276bf650 0000000023236800
0x00000000276bf620:   00000000276bf6e0 0000000023236800
0x00000000276bf630:   000000001c0ce2f0 0000000023236800
0x00000000276bf640:   0000000003153be0 0000000023236800
0x00000000276bf650:   000000001c0ce2f0 0000000023236800
0x00000000276bf660:   000000001c0ce2f0 0000000023236800
0x00000000276bf670:   0000000000000001 000000001c0ce2f0
0x00000000276bf680:   0000000023236800 0000000023310b60
0x00000000276bf690:   0000000023236800 00000000580c284d
0x00000000276bf6a0:   00000000276bf9a8 00000007c0006c48
0x00000000276bf6b0:   00000007c0520bb8 0000000000000000 

Instructions: (pc=0x0000000058215077)
0x0000000058215057:   48 89 6c 24 30 33 ed 66 90 e8 3b 5c 08 00 ff c3
0x0000000058215067:   48 63 c8 48 8b c6 48 0f af cf 48 ff c7 48 2b c1
0x0000000058215077:   89 28 48 63 c3 48 3b 05 25 08 5a 00 7e db 48 8b
0x0000000058215087:   6c 24 30 48 8b 5c 24 38 48 8b 74 24 40 48 83 c4 


Register to memory mapping:

RAX=0x00000000276bd5c0 is pointing into the stack for thread: 0x0000000023236800
RBX=0x0000000000000003 is an unknown value
RCX=0x0000000000002000 is an unknown value
RDX=0x0000000000000006 is an unknown value
RSP=0x00000000276bf5c0 is pointing into the stack for thread: 0x0000000023236800
RBP=0x0000000000000000 is an unknown value
RSI=0x00000000276bf5c0 is pointing into the stack for thread: 0x0000000023236800
RDI=0x0000000000000003 is an unknown value
R8 =0x0000000000000006 is an unknown value
R9 =0x000000001ec2c680 is an unknown value
R10={method} {0x000000001c0ce2f8} 'run' '()V' in 'java/lang/Thread'
R11=0x00000000275ca148 is pointing into the stack for thread: 0x0000000023236800
R12=0x000000001ec2c680 is an unknown value
R13=0x0000000023236800 is a thread
R14=0x00000000276bf688 is pointing into the stack for thread: 0x0000000023236800
R15={method} {0x000000001c0ce2f8} 'run' '()V' in 'java/lang/Thread'


Stack: [0x00000000275c0000,0x00000000276c0000],  sp=0x00000000276bf5c0,  free space=1021k
Native frames: (J=compiled Java code, j=interpreted, Vv=VM code, C=native code)


---------------  P R O C E S S  ---------------

Java Threads: ( => current thread )
  0x0000000023238000 JavaThread "JMX server connection timeout 55" daemon [_thread_in_vm, id=16324, stack(0x00000000255b0000,0x00000000256b0000)]
=>0x0000000023236800 JavaThread "http-nio-8888-exec-11" daemon [_thread_in_vm, id=28448, stack(0x00000000275c0000,0x00000000276c0000)]
  0x0000000023237800 JavaThread "lettuce-eventExecutorLoop-1-8" daemon [_thread_blocked, id=15856, stack(0x00000000274c0000,0x00000000275c0000)]
  0x0000000023236000 JavaThread "lettuce-eventExecutorLoop-1-7" daemon [_thread_blocked, id=14468, stack(0x00000000273c0000,0x00000000274c0000)]
  0x000000002322c000 JavaThread "lettuce-eventExecutorLoop-1-6" daemon [_thread_blocked, id=17864, stack(0x00000000272c0000,0x00000000273c0000)]
  0x0000000023233000 JavaThread "lettuce-eventExecutorLoop-1-5" daemon [_thread_blocked, id=27100, stack(0x0000000026fc0000,0x00000000270c0000)]
  0x000000002322b800 JavaThread "lettuce-eventExecutorLoop-1-4" daemon [_thread_blocked, id=29340, stack(0x0000000026ec0000,0x0000000026fc0000)]
  0x0000000023232000 JavaThread "lettuce-eventExecutorLoop-1-3" daemon [_thread_blocked, id=13888, stack(0x0000000026bc0000,0x0000000026cc0000)]
  0x000000002322e800 JavaThread "lettuce-eventExecutorLoop-1-2" daemon [_thread_blocked, id=2356, stack(0x0000000026ac0000,0x0000000026bc0000)]
  0x0000000023230800 JavaThread "lettuce-nioEventLoop-4-2" daemon [_thread_in_native, id=11388, stack(0x00000000265b0000,0x00000000266b0000)]
  0x000000002322d800 JavaThread "springSessionRedisMessageListenerContainer-2" [_thread_blocked, id=14072, stack(0x00000000262b0000,0x00000000263b0000)]
  0x0000000023231800 JavaThread "springSessionRedisMessageListenerContainer-1" [_thread_blocked, id=8592, stack(0x00000000261b0000,0x00000000262b0000)]
  0x000000002322d000 JavaThread "http-nio-8888-Acceptor" daemon [_thread_in_native, id=15656, stack(0x00000000260b0000,0x00000000261b0000)]
  0x0000000023230000 JavaThread "http-nio-8888-Poller" daemon [_thread_in_native, id=1124, stack(0x0000000025fb0000,0x00000000260b0000)]
  0x000000002322f000 JavaThread "http-nio-8888-exec-10" daemon [_thread_blocked, id=1320, stack(0x0000000025eb0000,0x0000000025fb0000)]
  0x00000000231a5000 JavaThread "http-nio-8888-exec-9" daemon [_thread_blocked, id=15860, stack(0x0000000025db0000,0x0000000025eb0000)]
  0x00000000231a4800 JavaThread "http-nio-8888-exec-8" daemon [_thread_blocked, id=30468, stack(0x0000000025cb0000,0x0000000025db0000)]
  0x00000000231a8000 JavaThread "http-nio-8888-exec-7" daemon [_thread_blocked, id=15904, stack(0x0000000025bb0000,0x0000000025cb0000)]
  0x00000000231aa800 JavaThread "http-nio-8888-exec-6" daemon [_thread_blocked, id=7268, stack(0x0000000025ab0000,0x0000000025bb0000)]
  0x00000000231ab000 JavaThread "http-nio-8888-exec-5" daemon [_thread_blocked, id=29064, stack(0x00000000259b0000,0x0000000025ab0000)]
  0x00000000231a9800 JavaThread "http-nio-8888-exec-4" daemon [_thread_blocked, id=19376, stack(0x00000000258b0000,0x00000000259b0000)]
  0x00000000231a7800 JavaThread "http-nio-8888-exec-3" daemon [_thread_blocked, id=26664, stack(0x00000000257b0000,0x00000000258b0000)]
  0x00000000231a9000 JavaThread "http-nio-8888-exec-2" daemon [_thread_blocked, id=27024, stack(0x00000000256b0000,0x00000000257b0000)]
  0x00000000231a6000 JavaThread "lettuce-eventExecutorLoop-1-1" daemon [_thread_blocked, id=7372, stack(0x00000000254b0000,0x00000000255b0000)]
  0x0000000020d9d000 JavaThread "lettuce-nioEventLoop-4-1" daemon [_thread_in_native, id=23828, stack(0x0000000024fa0000,0x00000000250a0000)]
  0x0000000022cbf000 JavaThread "mysql-cj-abandoned-connection-cleanup" daemon [_thread_blocked, id=25300, stack(0x00000000241a0000,0x00000000242a0000)]
  0x000000001e967000 JavaThread "container-0" [_thread_blocked, id=14880, stack(0x0000000023da0000,0x0000000023ea0000)]
  0x000000001e966000 JavaThread "Catalina-utility-2" [_thread_blocked, id=28324, stack(0x0000000023ca0000,0x0000000023da0000)]
  0x0000000022c49800 JavaThread "Catalina-utility-1" [_thread_blocked, id=29472, stack(0x0000000023ba0000,0x0000000023ca0000)]
  0x0000000021196800 JavaThread "lettuce-timer-3-1" daemon [_thread_blocked, id=20556, stack(0x00000000228d0000,0x00000000229d0000)]
  0x0000000020d6c000 JavaThread "RMI Scheduler(0)" daemon [_thread_blocked, id=10900, stack(0x0000000021fd0000,0x00000000220d0000)]
  0x0000000020d0e000 JavaThread "RMI TCP Connection(1)-192.168.126.1" daemon [_thread_in_native, id=19532, stack(0x00000000216d0000,0x00000000217d0000)]
  0x000000001f5cf800 JavaThread "RMI TCP Accept-0" daemon [_thread_in_native, id=17496, stack(0x000000001fe50000,0x000000001ff50000)]
  0x000000001f312000 JavaThread "Service Thread" daemon [_thread_blocked, id=26752, stack(0x000000001fd50000,0x000000001fe50000)]
  0x000000001f2d4800 JavaThread "C1 CompilerThread3" daemon [_thread_blocked, id=13344, stack(0x000000001fc50000,0x000000001fd50000)]
  0x000000001f2d4000 JavaThread "C2 CompilerThread2" daemon [_thread_blocked, id=9632, stack(0x000000001fb50000,0x000000001fc50000)]
  0x000000001f2d0000 JavaThread "C2 CompilerThread1" daemon [_thread_blocked, id=16752, stack(0x000000001fa50000,0x000000001fb50000)]
  0x000000001f2ea000 JavaThread "C2 CompilerThread0" daemon [_thread_blocked, id=28160, stack(0x000000001f950000,0x000000001fa50000)]
  0x000000001f287000 JavaThread "Monitor Ctrl-Break" daemon [_thread_in_native, id=10300, stack(0x000000001f850000,0x000000001f950000)]
  0x000000001e896000 JavaThread "Attach Listener" daemon [_thread_blocked, id=28540, stack(0x000000001ef50000,0x000000001f050000)]
  0x000000001e8f0000 JavaThread "Signal Dispatcher" daemon [_thread_blocked, id=1232, stack(0x000000001ee50000,0x000000001ef50000)]
  0x000000001e870800 JavaThread "Finalizer" daemon [_thread_blocked, id=29676, stack(0x000000001ed50000,0x000000001ee50000)]
  0x000000001ca8f800 JavaThread "Reference Handler" daemon [_thread_blocked, id=26900, stack(0x000000001ec50000,0x000000001ed50000)]
  0x0000000002e72000 JavaThread "main" [_thread_blocked, id=22496, stack(0x0000000002d30000,0x0000000002e30000)]

Other Threads:
  0x000000001ca85800 VMThread [stack: 0x000000001e750000,0x000000001e850000] [id=23404]
  0x000000001f5df800 WatcherThread [stack: 0x000000001ff50000,0x0000000020050000] [id=23600]

VM state:not at safepoint (normal execution)

VM Mutex/Monitor currently owned by a thread: None

heap address: 0x00000006c3200000, size: 4046 MB, Compressed Oops mode: Zero based, Oop shift amount: 3
Narrow klass base: 0x0000000000000000, Narrow klass shift: 3
Compressed class space size: 1073741824 Address: 0x00000007c0000000

Heap:
 PSYoungGen      total 174592K, used 11677K [0x000000076bb80000, 0x000000077bc80000, 0x00000007c0000000)
  eden space 160256K, 7% used [0x000000076bb80000,0x000000076c6e7440,0x0000000775800000)
  from space 14336K, 0% used [0x000000077ae80000,0x000000077ae80000,0x000000077bc80000)
  to   space 13824K, 0% used [0x0000000775800000,0x0000000775800000,0x0000000776580000)
 ParOldGen       total 151552K, used 33732K [0x00000006c3200000, 0x00000006cc600000, 0x000000076bb80000)
  object space 151552K, 22% used [0x00000006c3200000,0x00000006c52f1358,0x00000006cc600000)
 Metaspace       used 54628K, capacity 58123K, committed 58240K, reserved 1101824K
  class space    used 7304K, capacity 7963K, committed 8064K, reserved 1048576K

Card table byte_map: [0x0000000012500000,0x0000000012cf0000] byte_map_base: 0x000000000eee7000

Marking Bits: (ParMarkBitMap*) 0x000000005882be30
 Begin Bits: [0x0000000013a40000, 0x0000000017978000)
 End Bits:   [0x0000000017978000, 0x000000001b8b0000)

Polling page: 0x0000000001030000

CodeCache: size=245760Kb used=8959Kb max_used=8959Kb free=236800Kb
 bounds [0x0000000003140000, 0x0000000003a00000, 0x0000000012140000]
 total_blobs=5112 nmethods=4541 adapters=481
 compilation: disabled (not enough contiguous free space left)

Compilation events (10 events):
Event: 3.922 Thread 0x000000001f2d4800 4538       1       java.nio.StringCharBuffer::get (19 bytes)
Event: 3.922 Thread 0x000000001f2d4800 nmethod 4538 0x00000000039fde10 code [0x00000000039fdf80, 0x00000000039fe158]
Event: 3.923 Thread 0x000000001f2d4800 4539   !   1       org.thymeleaf.engine.AttributeDefinitions$AttributeDefinitionRepository::getAttribute (161 bytes)
Event: 3.923 Thread 0x000000001f2d4800 nmethod 4539 0x00000000039fe250 code [0x00000000039fe460, 0x00000000039fe8d8]
Event: 3.923 Thread 0x000000001f2d4800 4540       1       org.thymeleaf.engine.AttributeName::getCompleteAttributeNames (5 bytes)
Event: 3.923 Thread 0x000000001f2d4800 nmethod 4540 0x00000000039fec10 code [0x00000000039fed60, 0x00000000039fee70]
Event: 3.923 Thread 0x000000001f2d4800 4541   !   1       java.nio.charset.CharsetDecoder::decode (287 bytes)
Event: 3.924 Thread 0x000000001f2d4800 nmethod 4541 0x00000000039feed0 code [0x00000000039ff0c0, 0x00000000039ff738]
Event: 3.924 Thread 0x000000001f2d4800 4543       1       org.springframework.session.web.http.OnCommittedResponseWrapper$SaveContextPrintWriter::write (17 bytes)
Event: 3.926 Thread 0x000000001f2d4800 


GC Heap History (10 events):
Event: 2.042 GC heap before
{Heap before GC invocations=7 (full 1):
 PSYoungGen      total 135680K, used 74354K [0x000000076bb80000, 0x0000000777280000, 0x00000007c0000000)
  eden space 124928K, 50% used [0x000000076bb80000,0x000000076f9a1360,0x0000000773580000)
  from space 10752K, 99% used [0x0000000773580000,0x0000000773ffb588,0x0000000774000000)
  to   space 13312K, 0% used [0x0000000776580000,0x0000000776580000,0x0000000777280000)
 ParOldGen       total 96768K, used 8164K [0x00000006c3200000, 0x00000006c9080000, 0x000000076bb80000)
  object space 96768K, 8% used [0x00000006c3200000,0x00000006c39f9210,0x00000006c9080000)
 Metaspace       used 33201K, capacity 35357K, committed 35496K, reserved 1079296K
  class space    used 4446K, capacity 4864K, committed 4864K, reserved 1048576K
Event: 2.048 GC heap after
Heap after GC invocations=7 (full 1):
 PSYoungGen      total 173568K, used 10918K [0x000000076bb80000, 0x0000000779480000, 0x00000007c0000000)
  eden space 160256K, 0% used [0x000000076bb80000,0x000000076bb80000,0x0000000775800000)
  from space 13312K, 82% used [0x0000000776580000,0x0000000777029b20,0x0000000777280000)
  to   space 13824K, 0% used [0x0000000775800000,0x0000000775800000,0x0000000776580000)
 ParOldGen       total 96768K, used 8172K [0x00000006c3200000, 0x00000006c9080000, 0x000000076bb80000)
  object space 96768K, 8% used [0x00000006c3200000,0x00000006c39fb210,0x00000006c9080000)
 Metaspace       used 33201K, capacity 35357K, committed 35496K, reserved 1079296K
  class space    used 4446K, capacity 4864K, committed 4864K, reserved 1048576K
}
Event: 2.048 GC heap before
{Heap before GC invocations=8 (full 2):
 PSYoungGen      total 173568K, used 10918K [0x000000076bb80000, 0x0000000779480000, 0x00000007c0000000)
  eden space 160256K, 0% used [0x000000076bb80000,0x000000076bb80000,0x0000000775800000)
  from space 13312K, 82% used [0x0000000776580000,0x0000000777029b20,0x0000000777280000)
  to   space 13824K, 0% used [0x0000000775800000,0x0000000775800000,0x0000000776580000)
 ParOldGen       total 96768K, used 8172K [0x00000006c3200000, 0x00000006c9080000, 0x000000076bb80000)
  object space 96768K, 8% used [0x00000006c3200000,0x00000006c39fb210,0x00000006c9080000)
 Metaspace       used 33201K, capacity 35357K, committed 35496K, reserved 1079296K
  class space    used 4446K, capacity 4864K, committed 4864K, reserved 1048576K
Event: 2.075 GC heap after
Heap after GC invocations=8 (full 2):
 PSYoungGen      total 173568K, used 0K [0x000000076bb80000, 0x0000000779480000, 0x00000007c0000000)
  eden space 160256K, 0% used [0x000000076bb80000,0x000000076bb80000,0x0000000775800000)
  from space 13312K, 0% used [0x0000000776580000,0x0000000776580000,0x0000000777280000)
  to   space 13824K, 0% used [0x0000000775800000,0x0000000775800000,0x0000000776580000)
 ParOldGen       total 151552K, used 16002K [0x00000006c3200000, 0x00000006cc600000, 0x000000076bb80000)
  object space 151552K, 10% used [0x00000006c3200000,0x00000006c41a0918,0x00000006cc600000)
 Metaspace       used 33201K, capacity 35357K, committed 35496K, reserved 1079296K
  class space    used 4446K, capacity 4864K, committed 4864K, reserved 1048576K
}
Event: 2.879 GC heap before
{Heap before GC invocations=9 (full 2):
 PSYoungGen      total 173568K, used 160256K [0x000000076bb80000, 0x0000000779480000, 0x00000007c0000000)
  eden space 160256K, 100% used [0x000000076bb80000,0x0000000775800000,0x0000000775800000)
  from space 13312K, 0% used [0x0000000776580000,0x0000000776580000,0x0000000777280000)
  to   space 13824K, 0% used [0x0000000775800000,0x0000000775800000,0x0000000776580000)
 ParOldGen       total 151552K, used 16002K [0x00000006c3200000, 0x00000006cc600000, 0x000000076bb80000)
  object space 151552K, 10% used [0x00000006c3200000,0x00000006c41a0918,0x00000006cc600000)
 Metaspace       used 42656K, capacity 45471K, committed 45568K, reserved 1089536K
  class space    used 5786K, capacity 6330K, committed 6400K, reserved 1048576K
Event: 2.888 GC heap after
Heap after GC invocations=9 (full 2):
 PSYoungGen      total 174080K, used 11430K [0x000000076bb80000, 0x000000077bc80000, 0x00000007c0000000)
  eden space 160256K, 0% used [0x000000076bb80000,0x000000076bb80000,0x0000000775800000)
  from space 13824K, 82% used [0x0000000775800000,0x00000007763299d8,0x0000000776580000)
  to   space 14336K, 0% used [0x000000077ae80000,0x000000077ae80000,0x000000077bc80000)
 ParOldGen       total 151552K, used 16074K [0x00000006c3200000, 0x00000006cc600000, 0x000000076bb80000)
  object space 151552K, 10% used [0x00000006c3200000,0x00000006c41b2928,0x00000006cc600000)
 Metaspace       used 42656K, capacity 45471K, committed 45568K, reserved 1089536K
  class space    used 5786K, capacity 6330K, committed 6400K, reserved 1048576K
}
Event: 3.710 GC heap before
{Heap before GC invocations=10 (full 2):
 PSYoungGen      total 174080K, used 166377K [0x000000076bb80000, 0x000000077bc80000, 0x00000007c0000000)
  eden space 160256K, 96% used [0x000000076bb80000,0x00000007752d0cc8,0x0000000775800000)
  from space 13824K, 82% used [0x0000000775800000,0x00000007763299d8,0x0000000776580000)
  to   space 14336K, 0% used [0x000000077ae80000,0x000000077ae80000,0x000000077bc80000)
 ParOldGen       total 151552K, used 16074K [0x00000006c3200000, 0x00000006cc600000, 0x000000076bb80000)
  object space 151552K, 10% used [0x00000006c3200000,0x00000006c41b2928,0x00000006cc600000)
 Metaspace       used 54106K, capacity 57533K, committed 57600K, reserved 1103872K
  class space    used 7229K, capacity 7878K, committed 7936K, reserved 1048576K
Event: 3.722 GC heap after
Heap after GC invocations=10 (full 2):
 PSYoungGen      total 174592K, used 14328K [0x000000076bb80000, 0x000000077bc80000, 0x00000007c0000000)
  eden space 160256K, 0% used [0x000000076bb80000,0x000000076bb80000,0x0000000775800000)
  from space 14336K, 99% used [0x000000077ae80000,0x000000077bc7e3d8,0x000000077bc80000)
  to   space 13824K, 0% used [0x0000000775800000,0x0000000775800000,0x0000000776580000)
 ParOldGen       total 151552K, used 23502K [0x00000006c3200000, 0x00000006cc600000, 0x000000076bb80000)
  object space 151552K, 15% used [0x00000006c3200000,0x00000006c48f3b38,0x00000006cc600000)
 Metaspace       used 54106K, capacity 57533K, committed 57600K, reserved 1103872K
  class space    used 7229K, capacity 7878K, committed 7936K, reserved 1048576K
}
Event: 3.722 GC heap before
{Heap before GC invocations=11 (full 3):
 PSYoungGen      total 174592K, used 14328K [0x000000076bb80000, 0x000000077bc80000, 0x00000007c0000000)
  eden space 160256K, 0% used [0x000000076bb80000,0x000000076bb80000,0x0000000775800000)
  from space 14336K, 99% used [0x000000077ae80000,0x000000077bc7e3d8,0x000000077bc80000)
  to   space 13824K, 0% used [0x0000000775800000,0x0000000775800000,0x0000000776580000)
 ParOldGen       total 151552K, used 23502K [0x00000006c3200000, 0x00000006cc600000, 0x000000076bb80000)
  object space 151552K, 15% used [0x00000006c3200000,0x00000006c48f3b38,0x00000006cc600000)
 Metaspace       used 54106K, capacity 57533K, committed 57600K, reserved 1103872K
  class space    used 7229K, capacity 7878K, committed 7936K, reserved 1048576K
Event: 3.830 GC heap after
Heap after GC invocations=11 (full 3):
 PSYoungGen      total 174592K, used 0K [0x000000076bb80000, 0x000000077bc80000, 0x00000007c0000000)
  eden space 160256K, 0% used [0x000000076bb80000,0x000000076bb80000,0x0000000775800000)
  from space 14336K, 0% used [0x000000077ae80000,0x000000077ae80000,0x000000077bc80000)
  to   space 13824K, 0% used [0x0000000775800000,0x0000000775800000,0x0000000776580000)
 ParOldGen       total 151552K, used 33732K [0x00000006c3200000, 0x00000006cc600000, 0x000000076bb80000)
  object space 151552K, 22% used [0x00000006c3200000,0x00000006c52f1358,0x00000006cc600000)
 Metaspace       used 54106K, capacity 57533K, committed 57600K, reserved 1101824K
  class space    used 7229K, capacity 7878K, committed 7936K, reserved 1048576K
}

Deoptimization events (0 events):
No events

Classes redefined (0 events):
No events

Internal exceptions (10 events):
Event: 3.507 Thread 0x0000000002e72000 Exception <a 'java/lang/ArrayIndexOutOfBoundsException'> (0x00000007724483e0) thrown at [C:\ade\jenkins\workspace\8-2-build-windows-amd64-cygwin\jdk8u241\331\hotspot\src\share\vm\runtime\sharedRuntime.cpp, line 605]
Event: 3.508 Thread 0x0000000002e72000 Exception <a 'java/lang/ArrayIndexOutOfBoundsException'> (0x000000077244a620) thrown at [C:\ade\jenkins\workspace\8-2-build-windows-amd64-cygwin\jdk8u241\331\hotspot\src\share\vm\runtime\sharedRuntime.cpp, line 605]
Event: 3.508 Thread 0x0000000002e72000 Exception <a 'java/lang/ArrayIndexOutOfBoundsException'> (0x000000077244cac8) thrown at [C:\ade\jenkins\workspace\8-2-build-windows-amd64-cygwin\jdk8u241\331\hotspot\src\share\vm\runtime\sharedRuntime.cpp, line 605]
Event: 3.508 Thread 0x0000000002e72000 Exception <a 'java/lang/ArrayIndexOutOfBoundsException'> (0x000000077244e390) thrown at [C:\ade\jenkins\workspace\8-2-build-windows-amd64-cygwin\jdk8u241\331\hotspot\src\share\vm\runtime\sharedRuntime.cpp, line 605]
Event: 3.508 Thread 0x0000000002e72000 Exception <a 'java/lang/ArrayIndexOutOfBoundsException'> (0x00000007724508b8) thrown at [C:\ade\jenkins\workspace\8-2-build-windows-amd64-cygwin\jdk8u241\331\hotspot\src\share\vm\runtime\sharedRuntime.cpp, line 605]
Event: 3.545 Thread 0x0000000023230800 Exception <a 'java/lang/IncompatibleClassChangeError': Found class java.lang.Object, but interface was expected> (0x00000007731d2d98) thrown at [C:\ade\jenkins\workspace\8-2-build-windows-amd64-cygwin\jdk8u241\331\hotspot\src\share\vm\interpreter\linkReso
Event: 3.568 Thread 0x00000000231a6800 Exception <a 'java/lang/NoSuchMethodError': java.lang.Object.lambda$invoke$0()Ljava/lang/Object;> (0x00000007738b7098) thrown at [C:\ade\jenkins\workspace\8-2-build-windows-amd64-cygwin\jdk8u241\331\hotspot\src\share\vm\interpreter\linkResolver.cpp, line 
Event: 3.571 Thread 0x00000000231a6800 Exception <a 'java/lang/NoSuchMethodError': <clinit>> (0x00000007739c65e8) thrown at [C:\ade\jenkins\workspace\8-2-build-windows-amd64-cygwin\jdk8u241\331\hotspot\src\share\vm\prims\jni.cpp, line 1614]
Event: 3.573 Thread 0x00000000231a6800 Exception <a 'java/lang/NoSuchMethodError': <clinit>> (0x0000000773a0afe0) thrown at [C:\ade\jenkins\workspace\8-2-build-windows-amd64-cygwin\jdk8u241\331\hotspot\src\share\vm\prims\jni.cpp, line 1614]
Event: 3.924 Thread 0x00000000231a6800 Exception <a 'java/lang/VirtualMachineError': out of space in CodeCache for adapters> (0x000000076c58f878) thrown at [C:\ade\jenkins\workspace\8-2-build-windows-amd64-cygwin\jdk8u241\331\hotspot\src\share\vm\oops\method.cpp, line 934]

Events (10 events):
Event: 3.927 loading class org/apache/coyote/ProtocolException
Event: 3.927 loading class org/apache/coyote/ProtocolException done
Event: 3.927 loading class java/nio/channels/CancelledKeyException
Event: 3.927 loading class java/nio/channels/CancelledKeyException done
Event: 3.927 loading class org/apache/tomcat/util/threads/StopPooledThreadException
Event: 3.927 loading class org/apache/tomcat/util/threads/StopPooledThreadException done
Event: 3.927 Thread 0x0000000023236800 Thread added: 0x0000000023236800
Event: 3.928 loading class java/lang/Throwable$WrappedPrintStream
Event: 3.928 loading class java/lang/Throwable$WrappedPrintStream done
Event: 3.928 Thread 0x00000000231a6800 Thread exited: 0x00000000231a6800


Dynamic libraries:
0x00007ff72f190000 - 0x00007ff72f1c7000 	C:\Program Files\Java\jdk1.8.0_241\bin\java.exe
0x00007ff9c6fd0000 - 0x00007ff9c71c8000 	C:\Windows\SYSTEM32\ntdll.dll
0x00007ff9c6c40000 - 0x00007ff9c6cfd000 	C:\Windows\System32\KERNEL32.DLL
0x00007ff9c4cd0000 - 0x00007ff9c4fc6000 	C:\Windows\System32\KERNELBASE.dll
0x00007ff9c6570000 - 0x00007ff9c661f000 	C:\Windows\System32\ADVAPI32.dll
0x00007ff9c5dd0000 - 0x00007ff9c5e6e000 	C:\Windows\System32\msvcrt.dll
0x00007ff9c6ba0000 - 0x00007ff9c6c3c000 	C:\Windows\System32\sechost.dll
0x00007ff9c6a70000 - 0x00007ff9c6b96000 	C:\Windows\System32\RPCRT4.dll
0x00007ff9c5120000 - 0x00007ff9c52be000 	C:\Windows\System32\USER32.dll
0x00007ff9c4fd0000 - 0x00007ff9c4ff2000 	C:\Windows\System32\win32u.dll
0x00007ff9c6540000 - 0x00007ff9c656c000 	C:\Windows\System32\GDI32.dll
0x00007ff9c4920000 - 0x00007ff9c4a3a000 	C:\Windows\System32\gdi32full.dll
0x00007ff9c4720000 - 0x00007ff9c47bd000 	C:\Windows\System32\msvcp_win.dll
0x00007ff9c4b40000 - 0x00007ff9c4c40000 	C:\Windows\System32\ucrtbase.dll
0x00007ff9b0720000 - 0x00007ff9b09ba000 	C:\Windows\WinSxS\amd64_microsoft.windows.common-controls_6595b64144ccf1df_6.0.19041.3636_none_60b6a03d71f818d5\COMCTL32.dll
0x00007ff9c5ed0000 - 0x00007ff9c5f00000 	C:\Windows\System32\IMM32.DLL
0x0000000059660000 - 0x0000000059732000 	C:\Program Files\Java\jdk1.8.0_241\jre\bin\msvcr100.dll
0x0000000058000000 - 0x00000000588ac000 	C:\Program Files\Java\jdk1.8.0_241\jre\bin\server\jvm.dll
0x00007ff9c5a10000 - 0x00007ff9c5a18000 	C:\Windows\System32\PSAPI.DLL
0x00007ff9bac00000 - 0x00007ff9bac0a000 	C:\Windows\SYSTEM32\VERSION.dll
0x00007ff9c0e00000 - 0x00007ff9c0e27000 	C:\Windows\SYSTEM32\WINMM.dll
0x00007ff9a6e70000 - 0x00007ff9a6e79000 	C:\Windows\SYSTEM32\WSOCK32.dll
0x00007ff9c6a00000 - 0x00007ff9c6a6b000 	C:\Windows\System32\WS2_32.dll
0x00007ff9b86d0000 - 0x00007ff9b86df000 	C:\Program Files\Java\jdk1.8.0_241\jre\bin\verify.dll
0x00007ff9aa440000 - 0x00007ff9aa469000 	C:\Program Files\Java\jdk1.8.0_241\jre\bin\java.dll
0x00007ff9b8740000 - 0x00007ff9b8763000 	C:\Program Files\Java\jdk1.8.0_241\jre\bin\instrument.dll
0x00007ff9b15c0000 - 0x00007ff9b15d6000 	C:\Program Files\Java\jdk1.8.0_241\jre\bin\zip.dll
0x00007ff9c52c0000 - 0x00007ff9c5a05000 	C:\Windows\System32\SHELL32.dll
0x00007ff9c2110000 - 0x00007ff9c28ab000 	C:\Windows\SYSTEM32\windows.storage.dll
0x00007ff9c66a0000 - 0x00007ff9c69f4000 	C:\Windows\System32\combase.dll
0x00007ff9c40f0000 - 0x00007ff9c411d000 	C:\Windows\SYSTEM32\Wldp.dll
0x00007ff9c6e20000 - 0x00007ff9c6ecd000 	C:\Windows\System32\SHCORE.dll
0x00007ff9c5a20000 - 0x00007ff9c5a75000 	C:\Windows\System32\shlwapi.dll
0x00007ff9c45e0000 - 0x00007ff9c4605000 	C:\Windows\SYSTEM32\profapi.dll
0x00007ff9bd2b0000 - 0x00007ff9bd2ca000 	D:\idea\idea\IntelliJ IDEA 2022.2.3\bin\breakgen64.dll
0x00007ff9ae070000 - 0x00007ff9ae08a000 	C:\Program Files\Java\jdk1.8.0_241\jre\bin\net.dll
0x00007ff9c3e50000 - 0x00007ff9c3eba000 	C:\Windows\system32\mswsock.dll
0x00007ff9c3b90000 - 0x00007ff9c3c5a000 	C:\Windows\SYSTEM32\DNSAPI.dll
0x00007ff9c3af0000 - 0x00007ff9c3b2b000 	C:\Windows\SYSTEM32\IPHLPAPI.DLL
0x00007ff9c6f80000 - 0x00007ff9c6f88000 	C:\Windows\System32\NSI.dll
0x00007ff9bb800000 - 0x00007ff9bb80a000 	C:\Windows\System32\rasadhlp.dll
0x00007ff9bab40000 - 0x00007ff9babc0000 	C:\Windows\System32\fwpuclnt.dll
0x00007ff9c5000000 - 0x00007ff9c5027000 	C:\Windows\System32\bcrypt.dll
0x00007ff9b8730000 - 0x00007ff9b873d000 	C:\Program Files\Java\jdk1.8.0_241\jre\bin\management.dll
0x00007ff9ac620000 - 0x00007ff9ac632000 	C:\Program Files\Java\jdk1.8.0_241\jre\bin\nio.dll
0x00007ff9c4040000 - 0x00007ff9c4058000 	C:\Windows\SYSTEM32\CRYPTSP.dll
0x00007ff9c3710000 - 0x00007ff9c3744000 	C:\Windows\system32\rsaenh.dll
0x00007ff9c4560000 - 0x00007ff9c458e000 	C:\Windows\SYSTEM32\USERENV.dll
0x00007ff9c4c40000 - 0x00007ff9c4cc2000 	C:\Windows\System32\bcryptprimitives.dll
0x00007ff9c4060000 - 0x00007ff9c406c000 	C:\Windows\SYSTEM32\CRYPTBASE.dll
0x00007ff9bd8b0000 - 0x00007ff9bd8c7000 	C:\Windows\SYSTEM32\dhcpcsvc6.DLL
0x00007ff9bd920000 - 0x00007ff9bd93d000 	C:\Windows\SYSTEM32\dhcpcsvc.DLL
0x00007ff9a3e10000 - 0x00007ff9a3e27000 	C:\Windows\system32\napinsp.dll
0x00007ff9a3df0000 - 0x00007ff9a3e0b000 	C:\Windows\system32\pnrpnsp.dll
0x00007ff9a3dd0000 - 0x00007ff9a3de5000 	C:\Windows\system32\wshbth.dll
0x00007ff9bf810000 - 0x00007ff9bf82d000 	C:\Windows\system32\NLAapi.dll
0x00007ff9a3db0000 - 0x00007ff9a3dc2000 	C:\Windows\System32\winrnr.dll
0x00007ff9b8700000 - 0x00007ff9b8724000 	C:\Program Files\Java\jdk1.8.0_241\jre\bin\sunec.dll
0x00007ff9b86f0000 - 0x00007ff9b86fb000 	C:\Program Files\Java\jdk1.8.0_241\jre\bin\sunmscapi.dll
0x00007ff9c47c0000 - 0x00007ff9c491d000 	C:\Windows\System32\CRYPT32.dll

VM Arguments:
jvm_args: -XX:TieredStopAtLevel=1 -Xverify:none -Dspring.output.ansi.enabled=always -Dcom.sun.management.jmxremote -Dspring.jmx.enabled=true -Dspring.liveBeansView.mbeanDomain -Dspring.application.admin.enabled=true -javaagent:D:\idea\idea\IntelliJ IDEA 2022.2.3\lib\idea_rt.jar=49686:D:\idea\idea\IntelliJ IDEA 2022.2.3\bin -Dfile.encoding=UTF-8 
java_command: cn.edu.scnu.SpringBootMovieApplication
java_class_path (initial): C:\Program Files\Java\jdk1.8.0_241\jre\lib\charsets.jar;C:\Program Files\Java\jdk1.8.0_241\jre\lib\deploy.jar;C:\Program Files\Java\jdk1.8.0_241\jre\lib\ext\access-bridge-64.jar;C:\Program Files\Java\jdk1.8.0_241\jre\lib\ext\cldrdata.jar;C:\Program Files\Java\jdk1.8.0_241\jre\lib\ext\dnsns.jar;C:\Program Files\Java\jdk1.8.0_241\jre\lib\ext\jaccess.jar;C:\Program Files\Java\jdk1.8.0_241\jre\lib\ext\jfxrt.jar;C:\Program Files\Java\jdk1.8.0_241\jre\lib\ext\localedata.jar;C:\Program Files\Java\jdk1.8.0_241\jre\lib\ext\nashorn.jar;C:\Program Files\Java\jdk1.8.0_241\jre\lib\ext\sunec.jar;C:\Program Files\Java\jdk1.8.0_241\jre\lib\ext\sunjce_provider.jar;C:\Program Files\Java\jdk1.8.0_241\jre\lib\ext\sunmscapi.jar;C:\Program Files\Java\jdk1.8.0_241\jre\lib\ext\sunpkcs11.jar;C:\Program Files\Java\jdk1.8.0_241\jre\lib\ext\zipfs.jar;C:\Program Files\Java\jdk1.8.0_241\jre\lib\javaws.jar;C:\Program Files\Java\jdk1.8.0_241\jre\lib\jce.jar;C:\Program Files\Java\jdk1.8.0_241\jre\lib\jfr.jar;C:\Program Files\Java\jdk1.8.0_241\jre\lib\jfxswt.jar;C:\Program Files\Java\jdk1.8.0_241\jre\lib\jsse.jar;C:\Program Files\Java\jdk1.8.0_241\jre\lib\management-agent.jar;C:\Program Files\Java\jdk1.8.0_241\jre\lib\plugin.jar;C:\Program Files\Java\jdk1.8.0_241\jre\lib\resources.jar;C:\Program Files\Java\jdk1.8.0_241\jre\lib\rt.jar;D:\idea\workspace\spring-boot-movie\target\classes;C:\Users\HONOR\.m2\repository\org\springframework\session\spring-session-data-redis\2.6.3\spring-session-data-redis-2.6.3.jar;C:\Users\HONOR\.m2\repository\org\springframework\session\spring-session-core\2.6.3\spring-session-core-2.6.3.jar;C:\Users\HONOR\.m2\repository\org\springframework\spring-jcl\5.3.23\spring-jcl-5.3.23.jar;C:\Users\HONOR\.m2\repository\org\springframework\data\spring-data-redis\2.6.9\spring-data-redis-2.6.9.jar;C:\Users\HONOR\.m2\repository\org\springframework\data\spring-data-keyvalue\2.6.9\spring-data-keyvalue-2.6.9.jar;C:\Users\HONOR\.m2\repository\org\springframewor
Launcher Type: SUN_STANDARD

Environment Variables:
JAVA_HOME=C:\Program Files\Java\jdk1.8.0_241
CLASSPATH=E:\java\MySQL\MySQL Server 5.6\bin;.;C:\Program Files\Java\jdk1.8.0_241\lib;C:\Program Files\Java\jdk1.8.0_241\lib\tools.jar 
PATH=E:\app\HONOR\product\11.2.0\client_2\bin;E:\app\HONOR\product\11.2.0\client_1\bin;E:\11gR2\HONOR\product\11.2.0\client_1\bin;C:\Program Files (x86)\Common Files\Intel\Shared Libraries\redist\intel64\compiler;C:\Program Files (x86)\VMware\VMware Workstation\bin\;C:\Windows\system32;C:\Windows;C:\Windows\System32\Wbem;C:\Windows\System32\WindowsPowerShell\v1.0\;C:\Windows\System32\OpenSSH\;C:\Program Files (x86)\NVIDIA Corporation\PhysX\Common;C:\Program Files\NVIDIA Corporation\NVIDIA NvDLISR;D:\下载\Git\cmd;D:\mingw64\bin\;D:\cmake\cmake-3.24.0-rc2-windows-x86_64\bin\;D:\mingw64\x86_64-w64-mingw32\bin\;D:\opencv-4.5.3\opencvcode\bin\;C:\Program Files\Java\jdk1.8.0_241\bin;D:\小程序\微信web开发者工具\dll;C:\Users\HONOR\anaconda3\Scripts;D:\下载\Git\bin;D:\nodejs\;D:\idea\apache-maven-3.9.1\bin;E:\WinSCP\WinSCP\;E:\Xftp 7\;F:\matlab\R2019a\runtime\win64;F:\matlab\R2019a\bin;F:\matlab\R2019a\polyspace\bin;E:\Xshell 7\;E:\ctex\UserData\miktex\bin;E:\ctex\MiKTeX\miktex\bin\x64;E:\ctex\CTeX\ctex\bin;E:\ctex\CTeX\cct\bin;E:\ctex\CTeX\ty\bin;E:\ctex\Ghostscript\gs10.01.1\bin;E:\ctex\WinEdt;C:\Users\HONOR\AppData\Local\Programs\Python\Python38\Scripts\;C:\Users\HONOR\AppData\Local\Programs\Python\Python38\;C:\Users\HONOR\AppData\Local\Microsoft\WindowsApps;D:\Microsoft VS Code\bin;E:\php\AppServ\Apache24\bin;E:\php\AppServ\php5;E:\php\AppServ\MySQL\bin;D:\webstorm\WebStorm 2023.1.1\bin;;C:\Users\HONOR\AppData\Roaming\npm;D:\nodejs\node_global;;D:\idea\idea\IntelliJ IDEA 2022.2.3\bin;;E:\texlive\texlive\texlive\2023\bin\windows
USERNAME=HONOR
OS=Windows_NT
PROCESSOR_IDENTIFIER=Intel64 Family 6 Model 140 Stepping 1, GenuineIntel



---------------  S Y S T E M  ---------------

OS: Windows 10.0 , 64 bit Build 19041 (10.0.19041.3636)

CPU:total 8 (initial active 8) (4 cores per cpu, 2 threads per core) family 6 model 140 stepping 1, cmov, cx8, fxsr, mmx, sse, sse2, sse3, ssse3, sse4.1, sse4.2, popcnt, avx, avx2, aes, clmul, erms, 3dnowpref, lzcnt, ht, tsc, tscinvbit, bmi1, bmi2, adx

Memory: 4k page, physical 16571704k(4538380k free), swap 21174336k(2092k free)

vm_info: Java HotSpot(TM) 64-Bit Server VM (25.241-b07) for windows-amd64 JRE (1.8.0_241-b07), built on Dec 11 2019 10:21:40 by "rejava" with MS VC++ 10.0 (VS2010)

time: Fri Jan 12 00:09:31 2024
timezone: 中国标准时间
elapsed time: 3 seconds (0d 0h 0m 3s)

